
> buggenai@1.0.0 dev:ai-backend
> npm --prefix apps/ai-backend run dev


> ai-bug-report-generator-backend@1.0.0 dev
> node --watch src/index.js

Restarting 'src/index.js'
Restarting 'src/index.js'
Backend listening on http://0.0.0.0:4000
Failed running 'src/index.js'
Restarting 'src/index.js'
Uncaught exception Error: listen EADDRINUSE: address already in use 0.0.0.0:4000
    at Server.setupListenHandle [as _listen2] (node:net:1908:16)
    at listenInCluster (node:net:1965:12)
    at doListen (node:net:2139:7)
    at process.processTicksAndRejections (node:internal/process/task_queues:83:21) {
  code: 'EADDRINUSE',
  errno: -4091,
  syscall: 'listen',
  address: '0.0.0.0',
  port: 4000
}
Completed running 'src/index.js'
